
*** Running vivado
    with args -log TEST_ENVIRONMENT_DESIGN.vds -m64 -product Vivado -mode batch -messageDb vivado.pb -notrace -source TEST_ENVIRONMENT_DESIGN.tcl


ECHO is off.
ECHO is off.

****** Vivado v2023.2 (64-bit)
  **** SW Build 4029153 on Fri Oct 13 20:14:34 MDT 2023
  **** IP Build 4028589 on Sat Oct 14 00:45:43 MDT 2023
  **** SharedData Build 4025554 on Tue Oct 10 17:18:54 MDT 2023
    ** Copyright 1986-2022 Xilinx, Inc. All Rights Reserved.
    ** Copyright 2022-2023 Advanced Micro Devices, Inc. All Rights Reserved.

source TEST_ENVIRONMENT_DESIGN.tcl -notrace
create_project: Time (s): cpu = 00:00:02 ; elapsed = 00:00:08 . Memory (MB): peak = 485.332 ; gain = 178.555
Command: read_checkpoint -auto_incremental -incremental {D:/Facultate/AN II/SEM 2/AC/MIPS/MIPS.srcs/utils_1/imports/synth_1/MPG.dcp}
INFO: [Vivado 12-5825] Read reference checkpoint from D:/Facultate/AN II/SEM 2/AC/MIPS/MIPS.srcs/utils_1/imports/synth_1/MPG.dcp for incremental synthesis
INFO: [Vivado 12-7989] Please ensure there are no constraint changes
Command: synth_design -top TEST_ENVIRONMENT_DESIGN -part xc7a100tcsg324-1
Starting synth_design
Attempting to get a license for feature 'Synthesis' and/or device 'xc7a100t'
INFO: [Common 17-349] Got license for feature 'Synthesis' and/or device 'xc7a100t'
INFO: [Device 21-403] Loading part xc7a100tcsg324-1
INFO: [Designutils 20-5440] No compile time benefit to using incremental synthesis; A full resynthesis will be run
INFO: [Designutils 20-4379] Flow is switching to default flow due to incremental criteria not met. If you would like to alter this behaviour and have the flow terminate instead, please set the following parameter config_implementation {autoIncr.Synth.RejectBehavior Terminate}
INFO: [Synth 8-7079] Multithreading enabled for synth_design using a maximum of 2 processes.
INFO: [Synth 8-7078] Launching helper process for spawning children vivado processes
INFO: [Synth 8-7075] Helper process launched with PID 20292
---------------------------------------------------------------------------------
Starting RTL Elaboration : Time (s): cpu = 00:00:04 ; elapsed = 00:00:06 . Memory (MB): peak = 1338.227 ; gain = 441.398
---------------------------------------------------------------------------------
INFO: [Synth 8-638] synthesizing module 'TEST_ENVIRONMENT_DESIGN' [D:/Facultate/AN II/SEM 2/AC/MIPS/MIPS.srcs/sources_1/new/TEST_ENVIRONMENT_DESIGN.vhd:22]
INFO: [Synth 8-3491] module 'MPG' declared at 'D:/Facultate/AN II/SEM 2/AC/MIPS/MIPS.srcs/sources_1/new/MPG.vhd:6' bound to instance 'MPG_init' of component 'MPG' [D:/Facultate/AN II/SEM 2/AC/MIPS/MIPS.srcs/sources_1/new/TEST_ENVIRONMENT_DESIGN.vhd:222]
INFO: [Synth 8-638] synthesizing module 'MPG' [D:/Facultate/AN II/SEM 2/AC/MIPS/MIPS.srcs/sources_1/new/MPG.vhd:13]
INFO: [Synth 8-256] done synthesizing module 'MPG' (0#1) [D:/Facultate/AN II/SEM 2/AC/MIPS/MIPS.srcs/sources_1/new/MPG.vhd:13]
INFO: [Synth 8-3491] module 'INSTRUCTION_FETCH' declared at 'D:/Facultate/AN II/SEM 2/AC/MIPS/MIPS.srcs/sources_1/new/INSTRUCTION_FETCH.vhd:6' bound to instance 'INSTRUCTION_FETCH_init' of component 'INSTRUCTION_FETCH' [D:/Facultate/AN II/SEM 2/AC/MIPS/MIPS.srcs/sources_1/new/TEST_ENVIRONMENT_DESIGN.vhd:228]
INFO: [Synth 8-638] synthesizing module 'INSTRUCTION_FETCH' [D:/Facultate/AN II/SEM 2/AC/MIPS/MIPS.srcs/sources_1/new/INSTRUCTION_FETCH.vhd:17]
INFO: [Synth 8-3491] module 'ROM' declared at 'D:/Facultate/AN II/SEM 2/AC/MIPS/MIPS.srcs/sources_1/new/ROM.vhd:6' bound to instance 'ROM_init' of component 'ROM' [D:/Facultate/AN II/SEM 2/AC/MIPS/MIPS.srcs/sources_1/new/INSTRUCTION_FETCH.vhd:31]
INFO: [Synth 8-638] synthesizing module 'ROM' [D:/Facultate/AN II/SEM 2/AC/MIPS/MIPS.srcs/sources_1/new/ROM.vhd:11]
INFO: [Synth 8-256] done synthesizing module 'ROM' (0#1) [D:/Facultate/AN II/SEM 2/AC/MIPS/MIPS.srcs/sources_1/new/ROM.vhd:11]
INFO: [Synth 8-256] done synthesizing module 'INSTRUCTION_FETCH' (0#1) [D:/Facultate/AN II/SEM 2/AC/MIPS/MIPS.srcs/sources_1/new/INSTRUCTION_FETCH.vhd:17]
INFO: [Synth 8-3491] module 'INSTRUCTION_DECODE' declared at 'D:/Facultate/AN II/SEM 2/AC/MIPS/MIPS.srcs/sources_1/new/INSTRUCTION_DECODE.vhd:6' bound to instance 'INSTRUCTION_DECODE_init' of component 'INSTRUCTION_DECODE' [D:/Facultate/AN II/SEM 2/AC/MIPS/MIPS.srcs/sources_1/new/TEST_ENVIRONMENT_DESIGN.vhd:238]
INFO: [Synth 8-638] synthesizing module 'INSTRUCTION_DECODE' [D:/Facultate/AN II/SEM 2/AC/MIPS/MIPS.srcs/sources_1/new/INSTRUCTION_DECODE.vhd:33]
INFO: [Synth 8-3491] module 'REGISTER_FILE' declared at 'D:/Facultate/AN II/SEM 2/AC/MIPS/MIPS.srcs/sources_1/new/REGISTER_FILE.vhd:6' bound to instance 'Register_init' of component 'REGISTER_FILE' [D:/Facultate/AN II/SEM 2/AC/MIPS/MIPS.srcs/sources_1/new/INSTRUCTION_DECODE.vhd:58]
INFO: [Synth 8-638] synthesizing module 'REGISTER_FILE' [D:/Facultate/AN II/SEM 2/AC/MIPS/MIPS.srcs/sources_1/new/REGISTER_FILE.vhd:27]
INFO: [Synth 8-256] done synthesizing module 'REGISTER_FILE' (0#1) [D:/Facultate/AN II/SEM 2/AC/MIPS/MIPS.srcs/sources_1/new/REGISTER_FILE.vhd:27]
INFO: [Synth 8-256] done synthesizing module 'INSTRUCTION_DECODE' (0#1) [D:/Facultate/AN II/SEM 2/AC/MIPS/MIPS.srcs/sources_1/new/INSTRUCTION_DECODE.vhd:33]
INFO: [Synth 8-3491] module 'EXECUTE_UNIT' declared at 'D:/Facultate/AN II/SEM 2/AC/MIPS/MIPS.srcs/sources_1/new/EXECUTE_UNIT.vhd:6' bound to instance 'EXECUTE_UNIT_init' of component 'EXECUTE_UNIT' [D:/Facultate/AN II/SEM 2/AC/MIPS/MIPS.srcs/sources_1/new/TEST_ENVIRONMENT_DESIGN.vhd:264]
INFO: [Synth 8-638] synthesizing module 'EXECUTE_UNIT' [D:/Facultate/AN II/SEM 2/AC/MIPS/MIPS.srcs/sources_1/new/EXECUTE_UNIT.vhd:25]
INFO: [Synth 8-3491] module 'ALU' declared at 'D:/Facultate/AN II/SEM 2/AC/MIPS/MIPS.srcs/sources_1/new/ALU.vhd:6' bound to instance 'ALU_init' of component 'ALU' [D:/Facultate/AN II/SEM 2/AC/MIPS/MIPS.srcs/sources_1/new/EXECUTE_UNIT.vhd:43]
INFO: [Synth 8-638] synthesizing module 'ALU' [D:/Facultate/AN II/SEM 2/AC/MIPS/MIPS.srcs/sources_1/new/ALU.vhd:16]
WARNING: [Synth 8-614] signal 'result_temp' is read in the process but is not in the sensitivity list [D:/Facultate/AN II/SEM 2/AC/MIPS/MIPS.srcs/sources_1/new/ALU.vhd:22]
INFO: [Synth 8-256] done synthesizing module 'ALU' (0#1) [D:/Facultate/AN II/SEM 2/AC/MIPS/MIPS.srcs/sources_1/new/ALU.vhd:16]
INFO: [Synth 8-256] done synthesizing module 'EXECUTE_UNIT' (0#1) [D:/Facultate/AN II/SEM 2/AC/MIPS/MIPS.srcs/sources_1/new/EXECUTE_UNIT.vhd:25]
INFO: [Synth 8-3491] module 'MEMORY_UNIT' declared at 'D:/Facultate/AN II/SEM 2/AC/MIPS/MIPS.srcs/sources_1/new/MEMORY_UNIT.vhd:6' bound to instance 'MEMORY_UNIT_init' of component 'MEMORY_UNIT' [D:/Facultate/AN II/SEM 2/AC/MIPS/MIPS.srcs/sources_1/new/TEST_ENVIRONMENT_DESIGN.vhd:281]
INFO: [Synth 8-638] synthesizing module 'MEMORY_UNIT' [D:/Facultate/AN II/SEM 2/AC/MIPS/MIPS.srcs/sources_1/new/MEMORY_UNIT.vhd:17]
INFO: [Synth 8-3491] module 'RAM' declared at 'D:/Facultate/AN II/SEM 2/AC/MIPS/MIPS.srcs/sources_1/new/RAM.vhd:6' bound to instance 'RAM_int' of component 'RAM' [D:/Facultate/AN II/SEM 2/AC/MIPS/MIPS.srcs/sources_1/new/MEMORY_UNIT.vhd:33]
INFO: [Synth 8-638] synthesizing module 'RAM' [D:/Facultate/AN II/SEM 2/AC/MIPS/MIPS.srcs/sources_1/new/RAM.vhd:16]
WARNING: [Synth 8-614] signal 'RAM_signal' is read in the process but is not in the sensitivity list [D:/Facultate/AN II/SEM 2/AC/MIPS/MIPS.srcs/sources_1/new/RAM.vhd:33]
INFO: [Synth 8-256] done synthesizing module 'RAM' (0#1) [D:/Facultate/AN II/SEM 2/AC/MIPS/MIPS.srcs/sources_1/new/RAM.vhd:16]
INFO: [Synth 8-256] done synthesizing module 'MEMORY_UNIT' (0#1) [D:/Facultate/AN II/SEM 2/AC/MIPS/MIPS.srcs/sources_1/new/MEMORY_UNIT.vhd:17]
INFO: [Synth 8-3491] module 'MAIN_CONTROL' declared at 'D:/Facultate/AN II/SEM 2/AC/MIPS/MIPS.srcs/sources_1/new/MAIN_CONTROL.vhd:6' bound to instance 'MAIN_CONTROL_init' of component 'MAIN_CONTROL' [D:/Facultate/AN II/SEM 2/AC/MIPS/MIPS.srcs/sources_1/new/TEST_ENVIRONMENT_DESIGN.vhd:291]
INFO: [Synth 8-638] synthesizing module 'MAIN_CONTROL' [D:/Facultate/AN II/SEM 2/AC/MIPS/MIPS.srcs/sources_1/new/MAIN_CONTROL.vhd:19]
INFO: [Synth 8-256] done synthesizing module 'MAIN_CONTROL' (0#1) [D:/Facultate/AN II/SEM 2/AC/MIPS/MIPS.srcs/sources_1/new/MAIN_CONTROL.vhd:19]
INFO: [Synth 8-256] done synthesizing module 'TEST_ENVIRONMENT_DESIGN' (0#1) [D:/Facultate/AN II/SEM 2/AC/MIPS/MIPS.srcs/sources_1/new/TEST_ENVIRONMENT_DESIGN.vhd:22]
WARNING: [Synth 8-3848] Net button in module/entity TEST_ENVIRONMENT_DESIGN does not have driver. [D:/Facultate/AN II/SEM 2/AC/MIPS/MIPS.srcs/sources_1/new/TEST_ENVIRONMENT_DESIGN.vhd:112]
WARNING: [Synth 8-7129] Port CLK in module RAM is either unconnected or has no load
WARNING: [Synth 8-7129] Port MemToReg in module MEMORY_UNIT is either unconnected or has no load
WARNING: [Synth 8-7129] Port INSTRUCTION[15] in module INSTRUCTION_DECODE is either unconnected or has no load
WARNING: [Synth 8-7129] Port INSTRUCTION[14] in module INSTRUCTION_DECODE is either unconnected or has no load
WARNING: [Synth 8-7129] Port INSTRUCTION[13] in module INSTRUCTION_DECODE is either unconnected or has no load
WARNING: [Synth 8-7129] Port REGISTER_DESTINATION in module INSTRUCTION_DECODE is either unconnected or has no load
---------------------------------------------------------------------------------
Finished RTL Elaboration : Time (s): cpu = 00:00:06 ; elapsed = 00:00:08 . Memory (MB): peak = 1451.973 ; gain = 555.145
---------------------------------------------------------------------------------
---------------------------------------------------------------------------------
Start Handling Custom Attributes
---------------------------------------------------------------------------------
---------------------------------------------------------------------------------
Finished Handling Custom Attributes : Time (s): cpu = 00:00:06 ; elapsed = 00:00:08 . Memory (MB): peak = 1451.973 ; gain = 555.145
---------------------------------------------------------------------------------
---------------------------------------------------------------------------------
Finished RTL Optimization Phase 1 : Time (s): cpu = 00:00:06 ; elapsed = 00:00:08 . Memory (MB): peak = 1451.973 ; gain = 555.145
---------------------------------------------------------------------------------
Netlist sorting complete. Time (s): cpu = 00:00:00 ; elapsed = 00:00:00.021 . Memory (MB): peak = 1451.973 ; gain = 0.000
INFO: [Project 1-570] Preparing netlist for logic optimization

Processing XDC Constraints
Initializing timing engine
Parsing XDC File [D:/Facultate/AN II/SEM 2/AC/NEXYS7_CONSTRAINTS.xdc]
Finished Parsing XDC File [D:/Facultate/AN II/SEM 2/AC/NEXYS7_CONSTRAINTS.xdc]
INFO: [Project 1-236] Implementation specific constraints were found while reading constraint file [D:/Facultate/AN II/SEM 2/AC/NEXYS7_CONSTRAINTS.xdc]. These constraints will be ignored for synthesis but will be used in implementation. Impacted constraints are listed in the file [.Xil/TEST_ENVIRONMENT_DESIGN_propImpl.xdc].
Resolution: To avoid this warning, move constraints listed in [.Xil/TEST_ENVIRONMENT_DESIGN_propImpl.xdc] to another XDC file and exclude this new file from synthesis with the used_in_synthesis property (File Properties dialog in GUI) and re-run elaboration/synthesis.
Completed Processing XDC Constraints

Netlist sorting complete. Time (s): cpu = 00:00:00 ; elapsed = 00:00:00 . Memory (MB): peak = 1546.941 ; gain = 0.000
INFO: [Project 1-111] Unisim Transformation Summary:
No Unisim elements were transformed.

Access is denied.
Constraint Validation Runtime : Time (s): cpu = 00:00:00 ; elapsed = 00:00:00.005 . Memory (MB): peak = 1546.941 ; gain = 0.000
INFO: [Designutils 20-5440] No compile time benefit to using incremental synthesis; A full resynthesis will be run
INFO: [Designutils 20-4379] Flow is switching to default flow due to incremental criteria not met. If you would like to alter this behaviour and have the flow terminate instead, please set the following parameter config_implementation {autoIncr.Synth.RejectBehavior Terminate}
---------------------------------------------------------------------------------
Finished Constraint Validation : Time (s): cpu = 00:00:11 ; elapsed = 00:00:16 . Memory (MB): peak = 1546.941 ; gain = 650.113
---------------------------------------------------------------------------------
---------------------------------------------------------------------------------
Start Loading Part and Timing Information
---------------------------------------------------------------------------------
Loading part: xc7a100tcsg324-1
---------------------------------------------------------------------------------
Finished Loading Part and Timing Information : Time (s): cpu = 00:00:11 ; elapsed = 00:00:16 . Memory (MB): peak = 1546.941 ; gain = 650.113
---------------------------------------------------------------------------------
---------------------------------------------------------------------------------
Start Applying 'set_property' XDC Constraints
---------------------------------------------------------------------------------
---------------------------------------------------------------------------------
Finished applying 'set_property' XDC Constraints : Time (s): cpu = 00:00:11 ; elapsed = 00:00:16 . Memory (MB): peak = 1546.941 ; gain = 650.113
---------------------------------------------------------------------------------
WARNING: [Synth 8-327] inferring latch for variable 'READ_DATA_reg' [D:/Facultate/AN II/SEM 2/AC/MIPS/MIPS.srcs/sources_1/new/RAM.vhd:38]
WARNING: [Synth 8-327] inferring latch for variable 'RAM_signal_reg[0]' [D:/Facultate/AN II/SEM 2/AC/MIPS/MIPS.srcs/sources_1/new/RAM.vhd:36]
WARNING: [Synth 8-327] inferring latch for variable 'RAM_signal_reg[1]' [D:/Facultate/AN II/SEM 2/AC/MIPS/MIPS.srcs/sources_1/new/RAM.vhd:36]
WARNING: [Synth 8-327] inferring latch for variable 'RAM_signal_reg[2]' [D:/Facultate/AN II/SEM 2/AC/MIPS/MIPS.srcs/sources_1/new/RAM.vhd:36]
WARNING: [Synth 8-327] inferring latch for variable 'RAM_signal_reg[3]' [D:/Facultate/AN II/SEM 2/AC/MIPS/MIPS.srcs/sources_1/new/RAM.vhd:36]
WARNING: [Synth 8-327] inferring latch for variable 'RAM_signal_reg[4]' [D:/Facultate/AN II/SEM 2/AC/MIPS/MIPS.srcs/sources_1/new/RAM.vhd:36]
WARNING: [Synth 8-327] inferring latch for variable 'RAM_signal_reg[5]' [D:/Facultate/AN II/SEM 2/AC/MIPS/MIPS.srcs/sources_1/new/RAM.vhd:36]
WARNING: [Synth 8-327] inferring latch for variable 'RAM_signal_reg[6]' [D:/Facultate/AN II/SEM 2/AC/MIPS/MIPS.srcs/sources_1/new/RAM.vhd:36]
WARNING: [Synth 8-327] inferring latch for variable 'RAM_signal_reg[7]' [D:/Facultate/AN II/SEM 2/AC/MIPS/MIPS.srcs/sources_1/new/RAM.vhd:36]
WARNING: [Synth 8-327] inferring latch for variable 'RAM_signal_reg[8]' [D:/Facultate/AN II/SEM 2/AC/MIPS/MIPS.srcs/sources_1/new/RAM.vhd:36]
WARNING: [Synth 8-327] inferring latch for variable 'RAM_signal_reg[9]' [D:/Facultate/AN II/SEM 2/AC/MIPS/MIPS.srcs/sources_1/new/RAM.vhd:36]
WARNING: [Synth 8-327] inferring latch for variable 'RAM_signal_reg[10]' [D:/Facultate/AN II/SEM 2/AC/MIPS/MIPS.srcs/sources_1/new/RAM.vhd:36]
WARNING: [Synth 8-327] inferring latch for variable 'RAM_signal_reg[11]' [D:/Facultate/AN II/SEM 2/AC/MIPS/MIPS.srcs/sources_1/new/RAM.vhd:36]
WARNING: [Synth 8-327] inferring latch for variable 'RAM_signal_reg[12]' [D:/Facultate/AN II/SEM 2/AC/MIPS/MIPS.srcs/sources_1/new/RAM.vhd:36]
WARNING: [Synth 8-327] inferring latch for variable 'RAM_signal_reg[13]' [D:/Facultate/AN II/SEM 2/AC/MIPS/MIPS.srcs/sources_1/new/RAM.vhd:36]
WARNING: [Synth 8-327] inferring latch for variable 'RAM_signal_reg[14]' [D:/Facultate/AN II/SEM 2/AC/MIPS/MIPS.srcs/sources_1/new/RAM.vhd:36]
WARNING: [Synth 8-327] inferring latch for variable 'RAM_signal_reg[15]' [D:/Facultate/AN II/SEM 2/AC/MIPS/MIPS.srcs/sources_1/new/RAM.vhd:36]
WARNING: [Synth 8-327] inferring latch for variable 'RAM_signal_reg[16]' [D:/Facultate/AN II/SEM 2/AC/MIPS/MIPS.srcs/sources_1/new/RAM.vhd:36]
WARNING: [Synth 8-327] inferring latch for variable 'RAM_signal_reg[17]' [D:/Facultate/AN II/SEM 2/AC/MIPS/MIPS.srcs/sources_1/new/RAM.vhd:36]
WARNING: [Synth 8-327] inferring latch for variable 'RAM_signal_reg[18]' [D:/Facultate/AN II/SEM 2/AC/MIPS/MIPS.srcs/sources_1/new/RAM.vhd:36]
WARNING: [Synth 8-327] inferring latch for variable 'RAM_signal_reg[19]' [D:/Facultate/AN II/SEM 2/AC/MIPS/MIPS.srcs/sources_1/new/RAM.vhd:36]
WARNING: [Synth 8-327] inferring latch for variable 'RAM_signal_reg[20]' [D:/Facultate/AN II/SEM 2/AC/MIPS/MIPS.srcs/sources_1/new/RAM.vhd:36]
WARNING: [Synth 8-327] inferring latch for variable 'RAM_signal_reg[21]' [D:/Facultate/AN II/SEM 2/AC/MIPS/MIPS.srcs/sources_1/new/RAM.vhd:36]
WARNING: [Synth 8-327] inferring latch for variable 'RAM_signal_reg[22]' [D:/Facultate/AN II/SEM 2/AC/MIPS/MIPS.srcs/sources_1/new/RAM.vhd:36]
WARNING: [Synth 8-327] inferring latch for variable 'RAM_signal_reg[23]' [D:/Facultate/AN II/SEM 2/AC/MIPS/MIPS.srcs/sources_1/new/RAM.vhd:36]
WARNING: [Synth 8-327] inferring latch for variable 'RAM_signal_reg[24]' [D:/Facultate/AN II/SEM 2/AC/MIPS/MIPS.srcs/sources_1/new/RAM.vhd:36]
WARNING: [Synth 8-327] inferring latch for variable 'RAM_signal_reg[25]' [D:/Facultate/AN II/SEM 2/AC/MIPS/MIPS.srcs/sources_1/new/RAM.vhd:36]
WARNING: [Synth 8-327] inferring latch for variable 'RAM_signal_reg[26]' [D:/Facultate/AN II/SEM 2/AC/MIPS/MIPS.srcs/sources_1/new/RAM.vhd:36]
WARNING: [Synth 8-327] inferring latch for variable 'RAM_signal_reg[27]' [D:/Facultate/AN II/SEM 2/AC/MIPS/MIPS.srcs/sources_1/new/RAM.vhd:36]
WARNING: [Synth 8-327] inferring latch for variable 'RAM_signal_reg[28]' [D:/Facultate/AN II/SEM 2/AC/MIPS/MIPS.srcs/sources_1/new/RAM.vhd:36]
WARNING: [Synth 8-327] inferring latch for variable 'RAM_signal_reg[29]' [D:/Facultate/AN II/SEM 2/AC/MIPS/MIPS.srcs/sources_1/new/RAM.vhd:36]
WARNING: [Synth 8-327] inferring latch for variable 'RAM_signal_reg[30]' [D:/Facultate/AN II/SEM 2/AC/MIPS/MIPS.srcs/sources_1/new/RAM.vhd:36]
WARNING: [Synth 8-327] inferring latch for variable 'RAM_signal_reg[31]' [D:/Facultate/AN II/SEM 2/AC/MIPS/MIPS.srcs/sources_1/new/RAM.vhd:36]
WARNING: [Synth 8-327] inferring latch for variable 'RAM_signal_reg[32]' [D:/Facultate/AN II/SEM 2/AC/MIPS/MIPS.srcs/sources_1/new/RAM.vhd:36]
WARNING: [Synth 8-327] inferring latch for variable 'RAM_signal_reg[33]' [D:/Facultate/AN II/SEM 2/AC/MIPS/MIPS.srcs/sources_1/new/RAM.vhd:36]
WARNING: [Synth 8-327] inferring latch for variable 'RAM_signal_reg[34]' [D:/Facultate/AN II/SEM 2/AC/MIPS/MIPS.srcs/sources_1/new/RAM.vhd:36]
WARNING: [Synth 8-327] inferring latch for variable 'RAM_signal_reg[35]' [D:/Facultate/AN II/SEM 2/AC/MIPS/MIPS.srcs/sources_1/new/RAM.vhd:36]
WARNING: [Synth 8-327] inferring latch for variable 'RAM_signal_reg[36]' [D:/Facultate/AN II/SEM 2/AC/MIPS/MIPS.srcs/sources_1/new/RAM.vhd:36]
WARNING: [Synth 8-327] inferring latch for variable 'RAM_signal_reg[37]' [D:/Facultate/AN II/SEM 2/AC/MIPS/MIPS.srcs/sources_1/new/RAM.vhd:36]
WARNING: [Synth 8-327] inferring latch for variable 'RAM_signal_reg[38]' [D:/Facultate/AN II/SEM 2/AC/MIPS/MIPS.srcs/sources_1/new/RAM.vhd:36]
WARNING: [Synth 8-327] inferring latch for variable 'RAM_signal_reg[39]' [D:/Facultate/AN II/SEM 2/AC/MIPS/MIPS.srcs/sources_1/new/RAM.vhd:36]
WARNING: [Synth 8-327] inferring latch for variable 'RAM_signal_reg[40]' [D:/Facultate/AN II/SEM 2/AC/MIPS/MIPS.srcs/sources_1/new/RAM.vhd:36]
WARNING: [Synth 8-327] inferring latch for variable 'RAM_signal_reg[41]' [D:/Facultate/AN II/SEM 2/AC/MIPS/MIPS.srcs/sources_1/new/RAM.vhd:36]
WARNING: [Synth 8-327] inferring latch for variable 'RAM_signal_reg[42]' [D:/Facultate/AN II/SEM 2/AC/MIPS/MIPS.srcs/sources_1/new/RAM.vhd:36]
WARNING: [Synth 8-327] inferring latch for variable 'RAM_signal_reg[43]' [D:/Facultate/AN II/SEM 2/AC/MIPS/MIPS.srcs/sources_1/new/RAM.vhd:36]
WARNING: [Synth 8-327] inferring latch for variable 'RAM_signal_reg[44]' [D:/Facultate/AN II/SEM 2/AC/MIPS/MIPS.srcs/sources_1/new/RAM.vhd:36]
WARNING: [Synth 8-327] inferring latch for variable 'RAM_signal_reg[45]' [D:/Facultate/AN II/SEM 2/AC/MIPS/MIPS.srcs/sources_1/new/RAM.vhd:36]
WARNING: [Synth 8-327] inferring latch for variable 'RAM_signal_reg[46]' [D:/Facultate/AN II/SEM 2/AC/MIPS/MIPS.srcs/sources_1/new/RAM.vhd:36]
WARNING: [Synth 8-327] inferring latch for variable 'RAM_signal_reg[47]' [D:/Facultate/AN II/SEM 2/AC/MIPS/MIPS.srcs/sources_1/new/RAM.vhd:36]
WARNING: [Synth 8-327] inferring latch for variable 'RAM_signal_reg[48]' [D:/Facultate/AN II/SEM 2/AC/MIPS/MIPS.srcs/sources_1/new/RAM.vhd:36]
WARNING: [Synth 8-327] inferring latch for variable 'RAM_signal_reg[49]' [D:/Facultate/AN II/SEM 2/AC/MIPS/MIPS.srcs/sources_1/new/RAM.vhd:36]
WARNING: [Synth 8-327] inferring latch for variable 'RAM_signal_reg[50]' [D:/Facultate/AN II/SEM 2/AC/MIPS/MIPS.srcs/sources_1/new/RAM.vhd:36]
WARNING: [Synth 8-327] inferring latch for variable 'RAM_signal_reg[51]' [D:/Facultate/AN II/SEM 2/AC/MIPS/MIPS.srcs/sources_1/new/RAM.vhd:36]
WARNING: [Synth 8-327] inferring latch for variable 'RAM_signal_reg[52]' [D:/Facultate/AN II/SEM 2/AC/MIPS/MIPS.srcs/sources_1/new/RAM.vhd:36]
WARNING: [Synth 8-327] inferring latch for variable 'RAM_signal_reg[53]' [D:/Facultate/AN II/SEM 2/AC/MIPS/MIPS.srcs/sources_1/new/RAM.vhd:36]
WARNING: [Synth 8-327] inferring latch for variable 'RAM_signal_reg[54]' [D:/Facultate/AN II/SEM 2/AC/MIPS/MIPS.srcs/sources_1/new/RAM.vhd:36]
WARNING: [Synth 8-327] inferring latch for variable 'RAM_signal_reg[55]' [D:/Facultate/AN II/SEM 2/AC/MIPS/MIPS.srcs/sources_1/new/RAM.vhd:36]
WARNING: [Synth 8-327] inferring latch for variable 'RAM_signal_reg[56]' [D:/Facultate/AN II/SEM 2/AC/MIPS/MIPS.srcs/sources_1/new/RAM.vhd:36]
WARNING: [Synth 8-327] inferring latch for variable 'RAM_signal_reg[57]' [D:/Facultate/AN II/SEM 2/AC/MIPS/MIPS.srcs/sources_1/new/RAM.vhd:36]
WARNING: [Synth 8-327] inferring latch for variable 'RAM_signal_reg[58]' [D:/Facultate/AN II/SEM 2/AC/MIPS/MIPS.srcs/sources_1/new/RAM.vhd:36]
WARNING: [Synth 8-327] inferring latch for variable 'RAM_signal_reg[59]' [D:/Facultate/AN II/SEM 2/AC/MIPS/MIPS.srcs/sources_1/new/RAM.vhd:36]
WARNING: [Synth 8-327] inferring latch for variable 'RAM_signal_reg[60]' [D:/Facultate/AN II/SEM 2/AC/MIPS/MIPS.srcs/sources_1/new/RAM.vhd:36]
WARNING: [Synth 8-327] inferring latch for variable 'RAM_signal_reg[61]' [D:/Facultate/AN II/SEM 2/AC/MIPS/MIPS.srcs/sources_1/new/RAM.vhd:36]
WARNING: [Synth 8-327] inferring latch for variable 'RAM_signal_reg[62]' [D:/Facultate/AN II/SEM 2/AC/MIPS/MIPS.srcs/sources_1/new/RAM.vhd:36]
WARNING: [Synth 8-327] inferring latch for variable 'RAM_signal_reg[63]' [D:/Facultate/AN II/SEM 2/AC/MIPS/MIPS.srcs/sources_1/new/RAM.vhd:36]
---------------------------------------------------------------------------------
Finished RTL Optimization Phase 2 : Time (s): cpu = 00:00:11 ; elapsed = 00:00:17 . Memory (MB): peak = 1546.941 ; gain = 650.113
---------------------------------------------------------------------------------
---------------------------------------------------------------------------------
Start RTL Component Statistics 
---------------------------------------------------------------------------------
Detailed RTL Component Info : 
+---Adders : 
	   2 Input   16 Bit       Adders := 3     
	   3 Input   16 Bit       Adders := 1     
+---XORs : 
	   2 Input     16 Bit         XORs := 1     
+---Registers : 
	               98 Bit    Registers := 1     
	               56 Bit    Registers := 1     
	               37 Bit    Registers := 1     
	               32 Bit    Registers := 1     
	               16 Bit    Registers := 9     
	                1 Bit    Registers := 3     
+---Muxes : 
	  17 Input   16 Bit        Muxes := 1     
	   2 Input   16 Bit        Muxes := 5     
	   8 Input   16 Bit        Muxes := 1     
	   2 Input    3 Bit        Muxes := 1     
	  15 Input    3 Bit        Muxes := 1     
	   8 Input    2 Bit        Muxes := 1     
	   2 Input    1 Bit        Muxes := 14    
	   8 Input    1 Bit        Muxes := 8     
---------------------------------------------------------------------------------
Finished RTL Component Statistics 
---------------------------------------------------------------------------------
---------------------------------------------------------------------------------
Start Part Resource Summary
---------------------------------------------------------------------------------
Part Resources:
DSPs: 240 (col length:80)
BRAMs: 270 (col length: RAMB18 80 RAMB36 40)
---------------------------------------------------------------------------------
Finished Part Resource Summary
---------------------------------------------------------------------------------
---------------------------------------------------------------------------------
Start Cross Boundary and Area Optimization
---------------------------------------------------------------------------------
WARNING: [Synth 8-7080] Parallel synthesis criteria is not met
WARNING: [Synth 8-3917] design TEST_ENVIRONMENT_DESIGN has port INSTRUCTION_CURRENT[15] driven by constant 0
WARNING: [Synth 8-3917] design TEST_ENVIRONMENT_DESIGN has port INSTRUCTION_CURRENT[14] driven by constant 0
WARNING: [Synth 8-3917] design TEST_ENVIRONMENT_DESIGN has port INSTRUCTION_CURRENT[13] driven by constant 0
WARNING: [Synth 8-3917] design TEST_ENVIRONMENT_DESIGN has port INSTRUCTION_CURRENT[8] driven by constant 0
WARNING: [Synth 8-3917] design TEST_ENVIRONMENT_DESIGN has port INSTRUCTION_CURRENT[3] driven by constant 0
WARNING: [Synth 8-3917] design TEST_ENVIRONMENT_DESIGN has port INSTRUCTION_CURRENT[2] driven by constant 0
WARNING: [Synth 8-3917] design TEST_ENVIRONMENT_DESIGN has port INSTRUCTION_CURRENT[1] driven by constant 0
WARNING: [Synth 8-7129] Port CLK in module RAM is either unconnected or has no load
WARNING: [Synth 8-264] enable of latch \MEMORY_UNIT_init/RAM_int/RAM_signal_reg[63][0]  is always disabled
WARNING: [Synth 8-264] enable of latch \MEMORY_UNIT_init/RAM_int/RAM_signal_reg[63][0]  is always disabled
WARNING: [Synth 8-264] enable of latch \MEMORY_UNIT_init/RAM_int/RAM_signal_reg[62][0]  is always disabled
WARNING: [Synth 8-264] enable of latch \MEMORY_UNIT_init/RAM_int/RAM_signal_reg[62][0]  is always disabled
WARNING: [Synth 8-264] enable of latch \MEMORY_UNIT_init/RAM_int/RAM_signal_reg[61][0]  is always disabled
WARNING: [Synth 8-264] enable of latch \MEMORY_UNIT_init/RAM_int/RAM_signal_reg[61][0]  is always disabled
WARNING: [Synth 8-264] enable of latch \MEMORY_UNIT_init/RAM_int/RAM_signal_reg[60][0]  is always disabled
WARNING: [Synth 8-264] enable of latch \MEMORY_UNIT_init/RAM_int/RAM_signal_reg[60][0]  is always disabled
WARNING: [Synth 8-264] enable of latch \MEMORY_UNIT_init/RAM_int/RAM_signal_reg[59][0]  is always disabled
WARNING: [Synth 8-264] enable of latch \MEMORY_UNIT_init/RAM_int/RAM_signal_reg[59][0]  is always disabled
WARNING: [Synth 8-264] enable of latch \MEMORY_UNIT_init/RAM_int/RAM_signal_reg[58][0]  is always disabled
WARNING: [Synth 8-264] enable of latch \MEMORY_UNIT_init/RAM_int/RAM_signal_reg[58][0]  is always disabled
WARNING: [Synth 8-264] enable of latch \MEMORY_UNIT_init/RAM_int/RAM_signal_reg[57][0]  is always disabled
WARNING: [Synth 8-264] enable of latch \MEMORY_UNIT_init/RAM_int/RAM_signal_reg[57][0]  is always disabled
WARNING: [Synth 8-264] enable of latch \MEMORY_UNIT_init/RAM_int/RAM_signal_reg[56][0]  is always disabled
WARNING: [Synth 8-264] enable of latch \MEMORY_UNIT_init/RAM_int/RAM_signal_reg[56][0]  is always disabled
WARNING: [Synth 8-264] enable of latch \MEMORY_UNIT_init/RAM_int/RAM_signal_reg[55][0]  is always disabled
WARNING: [Synth 8-264] enable of latch \MEMORY_UNIT_init/RAM_int/RAM_signal_reg[55][0]  is always disabled
WARNING: [Synth 8-264] enable of latch \MEMORY_UNIT_init/RAM_int/RAM_signal_reg[54][0]  is always disabled
WARNING: [Synth 8-264] enable of latch \MEMORY_UNIT_init/RAM_int/RAM_signal_reg[54][0]  is always disabled
WARNING: [Synth 8-264] enable of latch \MEMORY_UNIT_init/RAM_int/RAM_signal_reg[53][0]  is always disabled
WARNING: [Synth 8-264] enable of latch \MEMORY_UNIT_init/RAM_int/RAM_signal_reg[53][0]  is always disabled
WARNING: [Synth 8-264] enable of latch \MEMORY_UNIT_init/RAM_int/RAM_signal_reg[52][0]  is always disabled
WARNING: [Synth 8-264] enable of latch \MEMORY_UNIT_init/RAM_int/RAM_signal_reg[52][0]  is always disabled
WARNING: [Synth 8-264] enable of latch \MEMORY_UNIT_init/RAM_int/RAM_signal_reg[51][0]  is always disabled
WARNING: [Synth 8-264] enable of latch \MEMORY_UNIT_init/RAM_int/RAM_signal_reg[51][0]  is always disabled
WARNING: [Synth 8-264] enable of latch \MEMORY_UNIT_init/RAM_int/RAM_signal_reg[50][0]  is always disabled
WARNING: [Synth 8-264] enable of latch \MEMORY_UNIT_init/RAM_int/RAM_signal_reg[50][0]  is always disabled
WARNING: [Synth 8-264] enable of latch \MEMORY_UNIT_init/RAM_int/RAM_signal_reg[49][0]  is always disabled
WARNING: [Synth 8-264] enable of latch \MEMORY_UNIT_init/RAM_int/RAM_signal_reg[49][0]  is always disabled
WARNING: [Synth 8-264] enable of latch \MEMORY_UNIT_init/RAM_int/RAM_signal_reg[48][0]  is always disabled
WARNING: [Synth 8-264] enable of latch \MEMORY_UNIT_init/RAM_int/RAM_signal_reg[48][0]  is always disabled
WARNING: [Synth 8-264] enable of latch \MEMORY_UNIT_init/RAM_int/RAM_signal_reg[47][0]  is always disabled
WARNING: [Synth 8-264] enable of latch \MEMORY_UNIT_init/RAM_int/RAM_signal_reg[47][0]  is always disabled
WARNING: [Synth 8-264] enable of latch \MEMORY_UNIT_init/RAM_int/RAM_signal_reg[46][0]  is always disabled
WARNING: [Synth 8-264] enable of latch \MEMORY_UNIT_init/RAM_int/RAM_signal_reg[46][0]  is always disabled
WARNING: [Synth 8-264] enable of latch \MEMORY_UNIT_init/RAM_int/RAM_signal_reg[45][0]  is always disabled
WARNING: [Synth 8-264] enable of latch \MEMORY_UNIT_init/RAM_int/RAM_signal_reg[45][0]  is always disabled
WARNING: [Synth 8-264] enable of latch \MEMORY_UNIT_init/RAM_int/RAM_signal_reg[44][0]  is always disabled
WARNING: [Synth 8-264] enable of latch \MEMORY_UNIT_init/RAM_int/RAM_signal_reg[44][0]  is always disabled
WARNING: [Synth 8-264] enable of latch \MEMORY_UNIT_init/RAM_int/RAM_signal_reg[43][0]  is always disabled
WARNING: [Synth 8-264] enable of latch \MEMORY_UNIT_init/RAM_int/RAM_signal_reg[43][0]  is always disabled
WARNING: [Synth 8-264] enable of latch \MEMORY_UNIT_init/RAM_int/RAM_signal_reg[42][0]  is always disabled
WARNING: [Synth 8-264] enable of latch \MEMORY_UNIT_init/RAM_int/RAM_signal_reg[42][0]  is always disabled
WARNING: [Synth 8-264] enable of latch \MEMORY_UNIT_init/RAM_int/RAM_signal_reg[41][0]  is always disabled
WARNING: [Synth 8-264] enable of latch \MEMORY_UNIT_init/RAM_int/RAM_signal_reg[41][0]  is always disabled
WARNING: [Synth 8-264] enable of latch \MEMORY_UNIT_init/RAM_int/RAM_signal_reg[40][0]  is always disabled
WARNING: [Synth 8-264] enable of latch \MEMORY_UNIT_init/RAM_int/RAM_signal_reg[40][0]  is always disabled
WARNING: [Synth 8-264] enable of latch \MEMORY_UNIT_init/RAM_int/RAM_signal_reg[39][0]  is always disabled
WARNING: [Synth 8-264] enable of latch \MEMORY_UNIT_init/RAM_int/RAM_signal_reg[39][0]  is always disabled
WARNING: [Synth 8-264] enable of latch \MEMORY_UNIT_init/RAM_int/RAM_signal_reg[38][0]  is always disabled
WARNING: [Synth 8-264] enable of latch \MEMORY_UNIT_init/RAM_int/RAM_signal_reg[38][0]  is always disabled
WARNING: [Synth 8-264] enable of latch \MEMORY_UNIT_init/RAM_int/RAM_signal_reg[37][0]  is always disabled
WARNING: [Synth 8-264] enable of latch \MEMORY_UNIT_init/RAM_int/RAM_signal_reg[37][0]  is always disabled
WARNING: [Synth 8-264] enable of latch \MEMORY_UNIT_init/RAM_int/RAM_signal_reg[36][0]  is always disabled
WARNING: [Synth 8-264] enable of latch \MEMORY_UNIT_init/RAM_int/RAM_signal_reg[36][0]  is always disabled
WARNING: [Synth 8-264] enable of latch \MEMORY_UNIT_init/RAM_int/RAM_signal_reg[35][0]  is always disabled
WARNING: [Synth 8-264] enable of latch \MEMORY_UNIT_init/RAM_int/RAM_signal_reg[35][0]  is always disabled
WARNING: [Synth 8-264] enable of latch \MEMORY_UNIT_init/RAM_int/RAM_signal_reg[34][0]  is always disabled
WARNING: [Synth 8-264] enable of latch \MEMORY_UNIT_init/RAM_int/RAM_signal_reg[34][0]  is always disabled
WARNING: [Synth 8-264] enable of latch \MEMORY_UNIT_init/RAM_int/RAM_signal_reg[33][0]  is always disabled
WARNING: [Synth 8-264] enable of latch \MEMORY_UNIT_init/RAM_int/RAM_signal_reg[33][0]  is always disabled
WARNING: [Synth 8-264] enable of latch \MEMORY_UNIT_init/RAM_int/RAM_signal_reg[32][0]  is always disabled
WARNING: [Synth 8-264] enable of latch \MEMORY_UNIT_init/RAM_int/RAM_signal_reg[32][0]  is always disabled
WARNING: [Synth 8-264] enable of latch \MEMORY_UNIT_init/RAM_int/RAM_signal_reg[31][0]  is always disabled
WARNING: [Synth 8-264] enable of latch \MEMORY_UNIT_init/RAM_int/RAM_signal_reg[31][0]  is always disabled
WARNING: [Synth 8-264] enable of latch \MEMORY_UNIT_init/RAM_int/RAM_signal_reg[30][0]  is always disabled
WARNING: [Synth 8-264] enable of latch \MEMORY_UNIT_init/RAM_int/RAM_signal_reg[30][0]  is always disabled
WARNING: [Synth 8-264] enable of latch \MEMORY_UNIT_init/RAM_int/RAM_signal_reg[29][0]  is always disabled
WARNING: [Synth 8-264] enable of latch \MEMORY_UNIT_init/RAM_int/RAM_signal_reg[29][0]  is always disabled
WARNING: [Synth 8-264] enable of latch \MEMORY_UNIT_init/RAM_int/RAM_signal_reg[28][0]  is always disabled
WARNING: [Synth 8-264] enable of latch \MEMORY_UNIT_init/RAM_int/RAM_signal_reg[28][0]  is always disabled
WARNING: [Synth 8-264] enable of latch \MEMORY_UNIT_init/RAM_int/RAM_signal_reg[27][0]  is always disabled
WARNING: [Synth 8-264] enable of latch \MEMORY_UNIT_init/RAM_int/RAM_signal_reg[27][0]  is always disabled
WARNING: [Synth 8-264] enable of latch \MEMORY_UNIT_init/RAM_int/RAM_signal_reg[26][0]  is always disabled
WARNING: [Synth 8-264] enable of latch \MEMORY_UNIT_init/RAM_int/RAM_signal_reg[26][0]  is always disabled
WARNING: [Synth 8-264] enable of latch \MEMORY_UNIT_init/RAM_int/RAM_signal_reg[25][0]  is always disabled
WARNING: [Synth 8-264] enable of latch \MEMORY_UNIT_init/RAM_int/RAM_signal_reg[25][0]  is always disabled
WARNING: [Synth 8-264] enable of latch \MEMORY_UNIT_init/RAM_int/RAM_signal_reg[24][0]  is always disabled
WARNING: [Synth 8-264] enable of latch \MEMORY_UNIT_init/RAM_int/RAM_signal_reg[24][0]  is always disabled
WARNING: [Synth 8-264] enable of latch \MEMORY_UNIT_init/RAM_int/RAM_signal_reg[23][0]  is always disabled
WARNING: [Synth 8-264] enable of latch \MEMORY_UNIT_init/RAM_int/RAM_signal_reg[23][0]  is always disabled
WARNING: [Synth 8-264] enable of latch \MEMORY_UNIT_init/RAM_int/RAM_signal_reg[22][0]  is always disabled
WARNING: [Synth 8-264] enable of latch \MEMORY_UNIT_init/RAM_int/RAM_signal_reg[22][0]  is always disabled
WARNING: [Synth 8-264] enable of latch \MEMORY_UNIT_init/RAM_int/RAM_signal_reg[21][0]  is always disabled
WARNING: [Synth 8-264] enable of latch \MEMORY_UNIT_init/RAM_int/RAM_signal_reg[21][0]  is always disabled
WARNING: [Synth 8-264] enable of latch \MEMORY_UNIT_init/RAM_int/RAM_signal_reg[20][0]  is always disabled
WARNING: [Synth 8-264] enable of latch \MEMORY_UNIT_init/RAM_int/RAM_signal_reg[20][0]  is always disabled
WARNING: [Synth 8-264] enable of latch \MEMORY_UNIT_init/RAM_int/RAM_signal_reg[19][0]  is always disabled
WARNING: [Synth 8-264] enable of latch \MEMORY_UNIT_init/RAM_int/RAM_signal_reg[19][0]  is always disabled
WARNING: [Synth 8-264] enable of latch \MEMORY_UNIT_init/RAM_int/RAM_signal_reg[18][0]  is always disabled
WARNING: [Synth 8-264] enable of latch \MEMORY_UNIT_init/RAM_int/RAM_signal_reg[18][0]  is always disabled
WARNING: [Synth 8-264] enable of latch \MEMORY_UNIT_init/RAM_int/RAM_signal_reg[17][0]  is always disabled
WARNING: [Synth 8-264] enable of latch \MEMORY_UNIT_init/RAM_int/RAM_signal_reg[17][0]  is always disabled
WARNING: [Synth 8-264] enable of latch \MEMORY_UNIT_init/RAM_int/RAM_signal_reg[16][0]  is always disabled
WARNING: [Synth 8-264] enable of latch \MEMORY_UNIT_init/RAM_int/RAM_signal_reg[16][0]  is always disabled
WARNING: [Synth 8-264] enable of latch \MEMORY_UNIT_init/RAM_int/RAM_signal_reg[15][0]  is always disabled
WARNING: [Synth 8-264] enable of latch \MEMORY_UNIT_init/RAM_int/RAM_signal_reg[15][0]  is always disabled
WARNING: [Synth 8-264] enable of latch \MEMORY_UNIT_init/RAM_int/RAM_signal_reg[14][0]  is always disabled
WARNING: [Synth 8-264] enable of latch \MEMORY_UNIT_init/RAM_int/RAM_signal_reg[14][0]  is always disabled
INFO: [Common 17-14] Message 'Synth 8-264' appears 100 times and further instances of the messages will be disabled. Use the Tcl command set_msg_config to change the current settings.
WARNING: [Synth 8-3332] Sequential element (MEMORY_UNIT_init/RAM_int/READ_DATA_reg[15]) is unused and will be removed from module TEST_ENVIRONMENT_DESIGN.
WARNING: [Synth 8-3332] Sequential element (MEMORY_UNIT_init/RAM_int/READ_DATA_reg[14]) is unused and will be removed from module TEST_ENVIRONMENT_DESIGN.
WARNING: [Synth 8-3332] Sequential element (MEMORY_UNIT_init/RAM_int/READ_DATA_reg[13]) is unused and will be removed from module TEST_ENVIRONMENT_DESIGN.
WARNING: [Synth 8-3332] Sequential element (MEMORY_UNIT_init/RAM_int/READ_DATA_reg[12]) is unused and will be removed from module TEST_ENVIRONMENT_DESIGN.
WARNING: [Synth 8-3332] Sequential element (MEMORY_UNIT_init/RAM_int/READ_DATA_reg[11]) is unused and will be removed from module TEST_ENVIRONMENT_DESIGN.
WARNING: [Synth 8-3332] Sequential element (MEMORY_UNIT_init/RAM_int/READ_DATA_reg[10]) is unused and will be removed from module TEST_ENVIRONMENT_DESIGN.
WARNING: [Synth 8-3332] Sequential element (MEMORY_UNIT_init/RAM_int/READ_DATA_reg[9]) is unused and will be removed from module TEST_ENVIRONMENT_DESIGN.
WARNING: [Synth 8-3332] Sequential element (MEMORY_UNIT_init/RAM_int/READ_DATA_reg[8]) is unused and will be removed from module TEST_ENVIRONMENT_DESIGN.
WARNING: [Synth 8-3332] Sequential element (MEMORY_UNIT_init/RAM_int/READ_DATA_reg[7]) is unused and will be removed from module TEST_ENVIRONMENT_DESIGN.
WARNING: [Synth 8-3332] Sequential element (MEMORY_UNIT_init/RAM_int/READ_DATA_reg[6]) is unused and will be removed from module TEST_ENVIRONMENT_DESIGN.
WARNING: [Synth 8-3332] Sequential element (MEMORY_UNIT_init/RAM_int/READ_DATA_reg[5]) is unused and will be removed from module TEST_ENVIRONMENT_DESIGN.
WARNING: [Synth 8-3332] Sequential element (MEMORY_UNIT_init/RAM_int/READ_DATA_reg[4]) is unused and will be removed from module TEST_ENVIRONMENT_DESIGN.
WARNING: [Synth 8-3332] Sequential element (MEMORY_UNIT_init/RAM_int/READ_DATA_reg[3]) is unused and will be removed from module TEST_ENVIRONMENT_DESIGN.
WARNING: [Synth 8-3332] Sequential element (MEMORY_UNIT_init/RAM_int/READ_DATA_reg[2]) is unused and will be removed from module TEST_ENVIRONMENT_DESIGN.
WARNING: [Synth 8-3332] Sequential element (MEMORY_UNIT_init/RAM_int/READ_DATA_reg[1]) is unused and will be removed from module TEST_ENVIRONMENT_DESIGN.
WARNING: [Synth 8-3332] Sequential element (MEMORY_UNIT_init/RAM_int/READ_DATA_reg[0]) is unused and will be removed from module TEST_ENVIRONMENT_DESIGN.
WARNING: [Synth 8-3332] Sequential element (MEMORY_UNIT_init/RAM_int/RAM_signal_reg[0][0]) is unused and will be removed from module TEST_ENVIRONMENT_DESIGN.
WARNING: [Synth 8-3332] Sequential element (MEMORY_UNIT_init/RAM_int/RAM_signal_reg[0][1]) is unused and will be removed from module TEST_ENVIRONMENT_DESIGN.
WARNING: [Synth 8-3332] Sequential element (MEMORY_UNIT_init/RAM_int/RAM_signal_reg[0][2]) is unused and will be removed from module TEST_ENVIRONMENT_DESIGN.
WARNING: [Synth 8-3332] Sequential element (MEMORY_UNIT_init/RAM_int/RAM_signal_reg[0][3]) is unused and will be removed from module TEST_ENVIRONMENT_DESIGN.
WARNING: [Synth 8-3332] Sequential element (MEMORY_UNIT_init/RAM_int/RAM_signal_reg[0][4]) is unused and will be removed from module TEST_ENVIRONMENT_DESIGN.
WARNING: [Synth 8-3332] Sequential element (MEMORY_UNIT_init/RAM_int/RAM_signal_reg[0][5]) is unused and will be removed from module TEST_ENVIRONMENT_DESIGN.
WARNING: [Synth 8-3332] Sequential element (MEMORY_UNIT_init/RAM_int/RAM_signal_reg[0][6]) is unused and will be removed from module TEST_ENVIRONMENT_DESIGN.
WARNING: [Synth 8-3332] Sequential element (MEMORY_UNIT_init/RAM_int/RAM_signal_reg[0][7]) is unused and will be removed from module TEST_ENVIRONMENT_DESIGN.
WARNING: [Synth 8-3332] Sequential element (MEMORY_UNIT_init/RAM_int/RAM_signal_reg[0][8]) is unused and will be removed from module TEST_ENVIRONMENT_DESIGN.
WARNING: [Synth 8-3332] Sequential element (MEMORY_UNIT_init/RAM_int/RAM_signal_reg[0][9]) is unused and will be removed from module TEST_ENVIRONMENT_DESIGN.
WARNING: [Synth 8-3332] Sequential element (MEMORY_UNIT_init/RAM_int/RAM_signal_reg[0][10]) is unused and will be removed from module TEST_ENVIRONMENT_DESIGN.
WARNING: [Synth 8-3332] Sequential element (MEMORY_UNIT_init/RAM_int/RAM_signal_reg[0][11]) is unused and will be removed from module TEST_ENVIRONMENT_DESIGN.
WARNING: [Synth 8-3332] Sequential element (MEMORY_UNIT_init/RAM_int/RAM_signal_reg[0][12]) is unused and will be removed from module TEST_ENVIRONMENT_DESIGN.
WARNING: [Synth 8-3332] Sequential element (MEMORY_UNIT_init/RAM_int/RAM_signal_reg[0][13]) is unused and will be removed from module TEST_ENVIRONMENT_DESIGN.
WARNING: [Synth 8-3332] Sequential element (MEMORY_UNIT_init/RAM_int/RAM_signal_reg[0][14]) is unused and will be removed from module TEST_ENVIRONMENT_DESIGN.
WARNING: [Synth 8-3332] Sequential element (MEMORY_UNIT_init/RAM_int/RAM_signal_reg[0][15]) is unused and will be removed from module TEST_ENVIRONMENT_DESIGN.
---------------------------------------------------------------------------------
Finished Cross Boundary and Area Optimization : Time (s): cpu = 00:00:13 ; elapsed = 00:00:20 . Memory (MB): peak = 1546.941 ; gain = 650.113
---------------------------------------------------------------------------------
---------------------------------------------------------------------------------
Start Applying XDC Timing Constraints
---------------------------------------------------------------------------------
---------------------------------------------------------------------------------
Finished Applying XDC Timing Constraints : Time (s): cpu = 00:00:15 ; elapsed = 00:00:25 . Memory (MB): peak = 1546.941 ; gain = 650.113
---------------------------------------------------------------------------------
---------------------------------------------------------------------------------
Start Timing Optimization
---------------------------------------------------------------------------------
---------------------------------------------------------------------------------
Finished Timing Optimization : Time (s): cpu = 00:00:16 ; elapsed = 00:00:25 . Memory (MB): peak = 1546.941 ; gain = 650.113
---------------------------------------------------------------------------------
---------------------------------------------------------------------------------
Start Technology Mapping
---------------------------------------------------------------------------------
---------------------------------------------------------------------------------
Finished Technology Mapping : Time (s): cpu = 00:00:16 ; elapsed = 00:00:25 . Memory (MB): peak = 1546.941 ; gain = 650.113
---------------------------------------------------------------------------------
---------------------------------------------------------------------------------
Start IO Insertion
---------------------------------------------------------------------------------
---------------------------------------------------------------------------------
Start Flattening Before IO Insertion
---------------------------------------------------------------------------------
---------------------------------------------------------------------------------
Finished Flattening Before IO Insertion
---------------------------------------------------------------------------------
---------------------------------------------------------------------------------
Start Final Netlist Cleanup
---------------------------------------------------------------------------------
---------------------------------------------------------------------------------
Finished Final Netlist Cleanup
---------------------------------------------------------------------------------
---------------------------------------------------------------------------------
Finished IO Insertion : Time (s): cpu = 00:00:18 ; elapsed = 00:00:29 . Memory (MB): peak = 1546.941 ; gain = 650.113
---------------------------------------------------------------------------------
---------------------------------------------------------------------------------
Start Renaming Generated Instances
---------------------------------------------------------------------------------
---------------------------------------------------------------------------------
Finished Renaming Generated Instances : Time (s): cpu = 00:00:18 ; elapsed = 00:00:29 . Memory (MB): peak = 1546.941 ; gain = 650.113
---------------------------------------------------------------------------------
---------------------------------------------------------------------------------
Start Rebuilding User Hierarchy
---------------------------------------------------------------------------------
---------------------------------------------------------------------------------
Finished Rebuilding User Hierarchy : Time (s): cpu = 00:00:18 ; elapsed = 00:00:29 . Memory (MB): peak = 1546.941 ; gain = 650.113
---------------------------------------------------------------------------------
---------------------------------------------------------------------------------
Start Renaming Generated Ports
---------------------------------------------------------------------------------
---------------------------------------------------------------------------------
Finished Renaming Generated Ports : Time (s): cpu = 00:00:18 ; elapsed = 00:00:29 . Memory (MB): peak = 1546.941 ; gain = 650.113
---------------------------------------------------------------------------------
---------------------------------------------------------------------------------
Start Handling Custom Attributes
---------------------------------------------------------------------------------
---------------------------------------------------------------------------------
Finished Handling Custom Attributes : Time (s): cpu = 00:00:18 ; elapsed = 00:00:29 . Memory (MB): peak = 1546.941 ; gain = 650.113
---------------------------------------------------------------------------------
---------------------------------------------------------------------------------
Start Renaming Generated Nets
---------------------------------------------------------------------------------
---------------------------------------------------------------------------------
Finished Renaming Generated Nets : Time (s): cpu = 00:00:18 ; elapsed = 00:00:29 . Memory (MB): peak = 1546.941 ; gain = 650.113
---------------------------------------------------------------------------------
---------------------------------------------------------------------------------
Start Writing Synthesis Report
---------------------------------------------------------------------------------

Report BlackBoxes: 
+-+--------------+----------+
| |BlackBox name |Instances |
+-+--------------+----------+
+-+--------------+----------+

Report Cell Usage: 
+------+-------+------+
|      |Cell   |Count |
+------+-------+------+
|1     |BUFG   |     1|
|2     |CARRY4 |    12|
|3     |LUT1   |    17|
|4     |LUT2   |     1|
|5     |LUT3   |    18|
|6     |LUT4   |    10|
|7     |LUT6   |    32|
|8     |FDRE   |   223|
|9     |IBUF   |     1|
|10    |OBUF   |   160|
+------+-------+------+
---------------------------------------------------------------------------------
Finished Writing Synthesis Report : Time (s): cpu = 00:00:18 ; elapsed = 00:00:29 . Memory (MB): peak = 1546.941 ; gain = 650.113
---------------------------------------------------------------------------------
Synthesis finished with 0 errors, 0 critical warnings and 2186 warnings.
Synthesis Optimization Runtime : Time (s): cpu = 00:00:11 ; elapsed = 00:00:26 . Memory (MB): peak = 1546.941 ; gain = 555.145
Synthesis Optimization Complete : Time (s): cpu = 00:00:18 ; elapsed = 00:00:29 . Memory (MB): peak = 1546.941 ; gain = 650.113
INFO: [Project 1-571] Translating synthesized netlist
Netlist sorting complete. Time (s): cpu = 00:00:00 ; elapsed = 00:00:00.008 . Memory (MB): peak = 1546.941 ; gain = 0.000
INFO: [Netlist 29-17] Analyzing 12 Unisim elements for replacement
INFO: [Netlist 29-28] Unisim Transformation completed in 0 CPU seconds
INFO: [Project 1-570] Preparing netlist for logic optimization
INFO: [Opt 31-138] Pushed 0 inverter(s) to 0 load pin(s).
Netlist sorting complete. Time (s): cpu = 00:00:00 ; elapsed = 00:00:00 . Memory (MB): peak = 1546.941 ; gain = 0.000
INFO: [Project 1-111] Unisim Transformation Summary:
No Unisim elements were transformed.

Access is denied.
Synth Design complete | Checksum: 6ecbd2ce
INFO: [Common 17-83] Releasing license: Synthesis
54 Infos, 215 Warnings, 0 Critical Warnings and 0 Errors encountered.
synth_design completed successfully
synth_design: Time (s): cpu = 00:00:21 ; elapsed = 00:00:43 . Memory (MB): peak = 1546.941 ; gain = 1058.617
Write ShapeDB Complete: Time (s): cpu = 00:00:00 ; elapsed = 00:00:00.003 . Memory (MB): peak = 1546.941 ; gain = 0.000
INFO: [Common 17-1381] The checkpoint 'D:/Facultate/AN II/SEM 2/AC/MIPS/MIPS.runs/synth_1/TEST_ENVIRONMENT_DESIGN.dcp' has been generated.
INFO: [runtcl-4] Executing : report_utilization -file TEST_ENVIRONMENT_DESIGN_utilization_synth.rpt -pb TEST_ENVIRONMENT_DESIGN_utilization_synth.pb
INFO: [Common 17-206] Exiting Vivado at Tue Jun  4 13:18:54 2024...
